Added Component: Designator=C1(C200)
Added Component: Designator=C2(C200)
Added Component: Designator=C3(C200)
Added Component: Designator=C4(C200)
Added Component: Designator=C5(C200)
Added Component: Designator=C6(C200)
Added Component: Designator=C7(C200)
Added Component: Designator=C8(C200)
Added Component: Designator=C9(C200)
Added Component: Designator=C10(C200)
Added Component: Designator=C11(C200)
Added Component: Designator=C12(C200)
Added Component: Designator=C13(CAPR5-4X5)
Added Component: Designator=C14(CAPR5-4X5)
Added Component: Designator=C15(C200)
Added Component: Designator=D1(DO-201AD)
Added Component: Designator=D2(DO-201AD)
Added Component: Designator=D3(DO-41)
Added Component: Designator=D4(DO-41)
Added Component: Designator=DS1(LCM_16)
Added Component: Designator=DS2(LED-0)
Added Component: Designator=DS3(LED-0)
Added Component: Designator=L1(T080125)
Added Component: Designator=OCDS1(HDR1X4)
Added Component: Designator=P1(HDR1X2)
Added Component: Designator=P2(BATTERY_SET)
Added Component: Designator=P3(HDR1X2)
Added Component: Designator=Q1(TO-92A)
Added Component: Designator=Q2(E3)
Added Component: Designator=Q3(TO-92A)
Added Component: Designator=Q4(TO-92A)
Added Component: Designator=R1(AXIAL-0.3)
Added Component: Designator=R2(AXIAL-0.3)
Added Component: Designator=R3(AXIAL-0.3)
Added Component: Designator=R4(AXIAL-0.3)
Added Component: Designator=R5(AXIAL-0.3)
Added Component: Designator=R6(AXIAL-0.3)
Added Component: Designator=R7(AXIAL-0.3)
Added Component: Designator=R8(AXIAL-0.3)
Added Component: Designator=R9(AXIAL-0.3)
Added Component: Designator=R10(AXIAL-0.3)
Added Component: Designator=R11(VR3)
Added Component: Designator=R12(AXIAL-0.3)
Added Component: Designator=R13(AXIAL-0.3)
Added Component: Designator=R14(AXIAL-0.3)
Added Component: Designator=R15(AXIAL-0.3)
Added Component: Designator=R16(AXIAL-0.3)
Added Component: Designator=R17(AXIAL-0.3)
Added Component: Designator=R18(AXIAL-0.3)
Added Component: Designator=R19(AXIAL-0.3)
Added Component: Designator=R20(AXIAL-0.3)
Added Component: Designator=S1(TACK6)
Added Component: Designator=S2(TACK6)
Added Component: Designator=S3(TACK6)
Added Component: Designator=S4(TACK6)
Added Component: Designator=S5(TACK6)
Added Component: Designator=S6(SPST-2)
Added Component: Designator=U1(LFPQ-64)
Added Component: Designator=U2(RSCM17100Kxxxx)
Added Component: Designator=U3(TS5B_N)
Added Component: Designator=Y1(XTAL4-8)
Added Pin To Net: NetName=+5V Pin=C6-2
Added Pin To Net: NetName=+5V Pin=Q1-3
Added Pin To Net: NetName=+5V Pin=U2-1
Added Pin To Net: NetName=+5V Pin=U2-1
Added Net: Name=+5V
Added Pin To Net: NetName=+12V Pin=C10-2
Added Pin To Net: NetName=+12V Pin=C11-2
Added Pin To Net: NetName=+12V Pin=C12-2
Added Pin To Net: NetName=+12V Pin=C13-1
Added Pin To Net: NetName=+12V Pin=D1-2
Added Pin To Net: NetName=+12V Pin=P1-1
Added Pin To Net: NetName=+12V Pin=P2-1
Added Pin To Net: NetName=+12V Pin=R1-2
Added Pin To Net: NetName=+12V Pin=R16-2
Added Pin To Net: NetName=+12V Pin=U3-1
Added Net: Name=+12V
Added Pin To Net: NetName=5V Pin=C14-1
Added Pin To Net: NetName=5V Pin=C15-2
Added Pin To Net: NetName=5V Pin=L1-2
Added Pin To Net: NetName=5V Pin=P3-1
Added Pin To Net: NetName=5V Pin=R18-2
Added Pin To Net: NetName=5V Pin=R20-1
Added Pin To Net: NetName=5V Pin=U3-4
Added Net: Name=5V
Added Pin To Net: NetName=GND Pin=C1-2
Added Pin To Net: NetName=GND Pin=C2-1
Added Pin To Net: NetName=GND Pin=C3-1
Added Pin To Net: NetName=GND Pin=C4-1
Added Pin To Net: NetName=GND Pin=C5-1
Added Pin To Net: NetName=GND Pin=C6-1
Added Pin To Net: NetName=GND Pin=C7-1
Added Pin To Net: NetName=GND Pin=C8-2
Added Pin To Net: NetName=GND Pin=C9-1
Added Pin To Net: NetName=GND Pin=C10-1
Added Pin To Net: NetName=GND Pin=C11-1
Added Pin To Net: NetName=GND Pin=C12-1
Added Pin To Net: NetName=GND Pin=C13-2
Added Pin To Net: NetName=GND Pin=C14-2
Added Pin To Net: NetName=GND Pin=C15-1
Added Pin To Net: NetName=GND Pin=D2-1
Added Pin To Net: NetName=GND Pin=DS1-1
Added Pin To Net: NetName=GND Pin=DS1-16
Added Pin To Net: NetName=GND Pin=DS3-2
Added Pin To Net: NetName=GND Pin=OCDS1-4
Added Pin To Net: NetName=GND Pin=P2-4
Added Pin To Net: NetName=GND Pin=P3-2
Added Pin To Net: NetName=GND Pin=Q2-3
Added Pin To Net: NetName=GND Pin=Q3-3
Added Pin To Net: NetName=GND Pin=Q4-1
Added Pin To Net: NetName=GND Pin=R11-2
Added Pin To Net: NetName=GND Pin=R12-2
Added Pin To Net: NetName=GND Pin=R13-2
Added Pin To Net: NetName=GND Pin=S1-2
Added Pin To Net: NetName=GND Pin=S1-2
Added Pin To Net: NetName=GND Pin=S2-2
Added Pin To Net: NetName=GND Pin=S2-2
Added Pin To Net: NetName=GND Pin=S3-2
Added Pin To Net: NetName=GND Pin=S3-2
Added Pin To Net: NetName=GND Pin=S4-2
Added Pin To Net: NetName=GND Pin=S4-2
Added Pin To Net: NetName=GND Pin=S5-2
Added Pin To Net: NetName=GND Pin=S5-2
Added Pin To Net: NetName=GND Pin=S6-1
Added Pin To Net: NetName=GND Pin=U1-7
Added Pin To Net: NetName=GND Pin=U1-23
Added Pin To Net: NetName=GND Pin=U1-42
Added Pin To Net: NetName=GND Pin=U2-2
Added Pin To Net: NetName=GND Pin=U2-2
Added Pin To Net: NetName=GND Pin=U2-3
Added Pin To Net: NetName=GND Pin=U2-3
Added Pin To Net: NetName=GND Pin=U2-3
Added Pin To Net: NetName=GND Pin=U3-3
Added Net: Name=GND
Added Pin To Net: NetName=NetD1_1 Pin=D1-1
Added Pin To Net: NetName=NetD1_1 Pin=DS2-2
Added Pin To Net: NetName=NetD1_1 Pin=Q2-1
Added Pin To Net: NetName=NetD1_1 Pin=R3-1
Added Pin To Net: NetName=NetD1_1 Pin=R4-1
Added Net: Name=NetD1_1
Added Pin To Net: NetName=NetD2_2 Pin=D2-2
Added Pin To Net: NetName=NetD2_2 Pin=L1-1
Added Pin To Net: NetName=NetD2_2 Pin=U3-2
Added Net: Name=NetD2_2
Added Pin To Net: NetName=NetD3_1 Pin=D3-1
Added Pin To Net: NetName=NetD3_1 Pin=Q4-3
Added Pin To Net: NetName=NetD3_1 Pin=R17-1
Added Pin To Net: NetName=NetD3_1 Pin=U3-5
Added Net: Name=NetD3_1
Added Pin To Net: NetName=NetD3_2 Pin=D3-2
Added Pin To Net: NetName=NetD3_2 Pin=D4-2
Added Pin To Net: NetName=NetD3_2 Pin=S6-2
Added Net: Name=NetD3_2
Added Pin To Net: NetName=NetDS1_3 Pin=DS1-3
Added Pin To Net: NetName=NetDS1_3 Pin=R11-3
Added Net: Name=NetDS1_3
Added Pin To Net: NetName=NetDS1_15 Pin=DS1-15
Added Pin To Net: NetName=NetDS1_15 Pin=R6-2
Added Net: Name=NetDS1_15
Added Pin To Net: NetName=NetDS2_1 Pin=DS2-1
Added Pin To Net: NetName=NetDS2_1 Pin=R1-1
Added Net: Name=NetDS2_1
Added Pin To Net: NetName=NetDS3_1 Pin=DS3-1
Added Pin To Net: NetName=NetDS3_1 Pin=R18-1
Added Net: Name=NetDS3_1
Added Pin To Net: NetName=NetP1_2 Pin=P1-2
Added Pin To Net: NetName=NetP1_2 Pin=R3-2
Added Pin To Net: NetName=NetP1_2 Pin=R4-2
Added Net: Name=NetP1_2
Added Pin To Net: NetName=NetP2_2 Pin=P2-2
Added Pin To Net: NetName=NetP2_2 Pin=P2-6
Added Net: Name=NetP2_2
Added Pin To Net: NetName=NetP2_3 Pin=P2-3
Added Pin To Net: NetName=NetP2_3 Pin=P2-5
Added Net: Name=NetP2_3
Added Pin To Net: NetName=NetQ1_1 Pin=Q1-1
Added Pin To Net: NetName=NetQ1_1 Pin=Q3-1
Added Pin To Net: NetName=NetQ1_1 Pin=R9-1
Added Pin To Net: NetName=NetQ1_1 Pin=R10-2
Added Pin To Net: NetName=NetQ1_1 Pin=R12-1
Added Net: Name=NetQ1_1
Added Pin To Net: NetName=NetQ1_2 Pin=Q1-2
Added Pin To Net: NetName=NetQ1_2 Pin=Q3-2
Added Pin To Net: NetName=NetQ1_2 Pin=R8-1
Added Pin To Net: NetName=NetQ1_2 Pin=R9-2
Added Net: Name=NetQ1_2
Added Pin To Net: NetName=NetQ2_2 Pin=Q2-2
Added Pin To Net: NetName=NetQ2_2 Pin=R10-1
Added Pin To Net: NetName=NetQ2_2 Pin=R13-1
Added Net: Name=NetQ2_2
Added Pin To Net: NetName=NetQ4_2 Pin=Q4-2
Added Pin To Net: NetName=NetQ4_2 Pin=R19-2
Added Net: Name=NetQ4_2
Added Pin To Net: NetName=NetR16_1 Pin=R16-1
Added Pin To Net: NetName=NetR16_1 Pin=R17-2
Added Net: Name=NetR16_1
Added Pin To Net: NetName=PA0 Pin=OCDS1-2
Added Pin To Net: NetName=PA0 Pin=U1-19
Added Net: Name=PA0
Added Pin To Net: NetName=PA1 Pin=R19-1
Added Pin To Net: NetName=PA1 Pin=U1-15
Added Net: Name=PA1
Added Pin To Net: NetName=PA2 Pin=OCDS1-3
Added Pin To Net: NetName=PA2 Pin=U1-16
Added Net: Name=PA2
Added Pin To Net: NetName=PA3 Pin=D4-1
Added Pin To Net: NetName=PA3 Pin=R20-2
Added Pin To Net: NetName=PA3 Pin=U1-17
Added Net: Name=PA3
Added Pin To Net: NetName=PA4 Pin=U1-18
Added Net: Name=PA4
Added Pin To Net: NetName=PA5 Pin=U1-14
Added Net: Name=PA5
Added Pin To Net: NetName=PA6/RX0 Pin=U1-20
Added Net: Name=PA6/RX0
Added Pin To Net: NetName=PA7/TX0 Pin=U1-21
Added Net: Name=PA7/TX0
Added Pin To Net: NetName=PB0 Pin=U1-64
Added Net: Name=PB0
Added Pin To Net: NetName=PB1 Pin=U1-1
Added Net: Name=PB1
Added Pin To Net: NetName=PB2 Pin=U1-2
Added Net: Name=PB2
Added Pin To Net: NetName=PB3 Pin=U1-3
Added Net: Name=PB3
Added Pin To Net: NetName=PB4 Pin=U1-4
Added Net: Name=PB4
Added Pin To Net: NetName=PB5 Pin=U1-5
Added Net: Name=PB5
Added Pin To Net: NetName=PB6 Pin=C4-2
Added Pin To Net: NetName=PB6 Pin=U1-8
Added Pin To Net: NetName=PB6 Pin=Y1-1
Added Net: Name=PB6
Added Pin To Net: NetName=PB7 Pin=C5-2
Added Pin To Net: NetName=PB7 Pin=U1-9
Added Pin To Net: NetName=PB7 Pin=Y1-2
Added Net: Name=PB7
Added Pin To Net: NetName=PC0 Pin=U1-43
Added Net: Name=PC0
Added Pin To Net: NetName=PC1 Pin=U1-44
Added Net: Name=PC1
Added Pin To Net: NetName=PC2 Pin=U1-45
Added Net: Name=PC2
Added Pin To Net: NetName=PC3 Pin=U1-46
Added Net: Name=PC3
Added Pin To Net: NetName=PC4 Pin=R8-2
Added Pin To Net: NetName=PC4 Pin=U1-47
Added Net: Name=PC4
Added Pin To Net: NetName=PC5 Pin=U1-48
Added Net: Name=PC5
Added Pin To Net: NetName=PC6 Pin=U1-49
Added Net: Name=PC6
Added Pin To Net: NetName=PC7 Pin=U1-50
Added Net: Name=PC7
Added Pin To Net: NetName=PD0 Pin=U1-51
Added Pin To Net: NetName=PD0 Pin=U2-6
Added Pin To Net: NetName=PD0 Pin=U2-6
Added Net: Name=PD0
Added Pin To Net: NetName=PD1/RX1 Pin=U1-52
Added Net: Name=PD1/RX1
Added Pin To Net: NetName=PD2//TX1 Pin=U1-53
Added Net: Name=PD2//TX1
Added Pin To Net: NetName=PD3 Pin=U1-54
Added Net: Name=PD3
Added Pin To Net: NetName=PD4 Pin=DS1-6
Added Pin To Net: NetName=PD4 Pin=U1-59
Added Net: Name=PD4
Added Pin To Net: NetName=PD5 Pin=DS1-5
Added Pin To Net: NetName=PD5 Pin=U1-60
Added Net: Name=PD5
Added Pin To Net: NetName=PD6 Pin=DS1-4
Added Pin To Net: NetName=PD6 Pin=U1-61
Added Net: Name=PD6
Added Pin To Net: NetName=PE0 Pin=R2-1
Added Pin To Net: NetName=PE0 Pin=S1-1
Added Pin To Net: NetName=PE0 Pin=S1-1
Added Pin To Net: NetName=PE0 Pin=U1-26
Added Net: Name=PE0
Added Pin To Net: NetName=PE1 Pin=R5-2
Added Pin To Net: NetName=PE1 Pin=S2-1
Added Pin To Net: NetName=PE1 Pin=S2-1
Added Pin To Net: NetName=PE1 Pin=U1-27
Added Net: Name=PE1
Added Pin To Net: NetName=PE2 Pin=R7-2
Added Pin To Net: NetName=PE2 Pin=S3-1
Added Pin To Net: NetName=PE2 Pin=S3-1
Added Pin To Net: NetName=PE2 Pin=U1-28
Added Net: Name=PE2
Added Pin To Net: NetName=PE3 Pin=R14-2
Added Pin To Net: NetName=PE3 Pin=S4-1
Added Pin To Net: NetName=PE3 Pin=S4-1
Added Pin To Net: NetName=PE3 Pin=U1-29
Added Net: Name=PE3
Added Pin To Net: NetName=PE4 Pin=R15-2
Added Pin To Net: NetName=PE4 Pin=S5-1
Added Pin To Net: NetName=PE4 Pin=S5-1
Added Pin To Net: NetName=PE4 Pin=U1-30
Added Net: Name=PE4
Added Pin To Net: NetName=PF0 Pin=DS1-7
Added Pin To Net: NetName=PF0 Pin=U1-31
Added Net: Name=PF0
Added Pin To Net: NetName=PF1 Pin=DS1-8
Added Pin To Net: NetName=PF1 Pin=U1-32
Added Net: Name=PF1
Added Pin To Net: NetName=PF2 Pin=DS1-9
Added Pin To Net: NetName=PF2 Pin=U1-33
Added Net: Name=PF2
Added Pin To Net: NetName=PF3 Pin=DS1-10
Added Pin To Net: NetName=PF3 Pin=U1-34
Added Net: Name=PF3
Added Pin To Net: NetName=PF4 Pin=DS1-11
Added Pin To Net: NetName=PF4 Pin=U1-40
Added Net: Name=PF4
Added Pin To Net: NetName=PF5 Pin=DS1-12
Added Pin To Net: NetName=PF5 Pin=U1-41
Added Net: Name=PF5
Added Pin To Net: NetName=PF6 Pin=DS1-13
Added Pin To Net: NetName=PF6 Pin=U1-62
Added Net: Name=PF6
Added Pin To Net: NetName=PF7 Pin=DS1-14
Added Pin To Net: NetName=PF7 Pin=U1-63
Added Net: Name=PF7
Added Pin To Net: NetName=PG0/RX2 Pin=U1-38
Added Net: Name=PG0/RX2
Added Pin To Net: NetName=PG1/TX2 Pin=U1-37
Added Net: Name=PG1/TX2
Added Pin To Net: NetName=PG2 Pin=U1-36
Added Net: Name=PG2
Added Pin To Net: NetName=PG3 Pin=U1-35
Added Net: Name=PG3
Added Pin To Net: NetName=PG4 Pin=U1-10
Added Net: Name=PG4
Added Pin To Net: NetName=PG5 Pin=U1-11
Added Net: Name=PG5
Added Pin To Net: NetName=PG6 Pin=U1-12
Added Net: Name=PG6
Added Pin To Net: NetName=PG7 Pin=U1-13
Added Net: Name=PG7
Added Pin To Net: NetName=PH0 Pin=U1-24
Added Net: Name=PH0
Added Pin To Net: NetName=PH1 Pin=U1-25
Added Net: Name=PH1
Added Pin To Net: NetName=PH2 Pin=U1-55
Added Net: Name=PH2
Added Pin To Net: NetName=PH3 Pin=U1-56
Added Net: Name=PH3
Added Pin To Net: NetName=PH4 Pin=U1-57
Added Net: Name=PH4
Added Pin To Net: NetName=PH5 Pin=U1-58
Added Net: Name=PH5
Added Pin To Net: NetName=VSYS 5V Pin=C1-1
Added Pin To Net: NetName=VSYS 5V Pin=C2-2
Added Pin To Net: NetName=VSYS 5V Pin=C3-2
Added Pin To Net: NetName=VSYS 5V Pin=C7-2
Added Pin To Net: NetName=VSYS 5V Pin=C8-1
Added Pin To Net: NetName=VSYS 5V Pin=C9-2
Added Pin To Net: NetName=VSYS 5V Pin=DS1-2
Added Pin To Net: NetName=VSYS 5V Pin=OCDS1-1
Added Pin To Net: NetName=VSYS 5V Pin=R2-2
Added Pin To Net: NetName=VSYS 5V Pin=R5-1
Added Pin To Net: NetName=VSYS 5V Pin=R6-1
Added Pin To Net: NetName=VSYS 5V Pin=R7-1
Added Pin To Net: NetName=VSYS 5V Pin=R11-1
Added Pin To Net: NetName=VSYS 5V Pin=R14-1
Added Pin To Net: NetName=VSYS 5V Pin=R15-1
Added Pin To Net: NetName=VSYS 5V Pin=U1-6
Added Pin To Net: NetName=VSYS 5V Pin=U1-22
Added Pin To Net: NetName=VSYS 5V Pin=U1-39
Added Net: Name=VSYS 5V
Added Class: Name=Sheet1
Added Class: Name=Sheet2
Added Room: Name=Sheet1
Added Room: Name=Sheet2
