"File: LCD.c         Assembler  Version HGASM0202      Page 1


   1  0000              ; Generated by holtek-gcc v3.19, Thu Jul 11 10:17:59 2024
   2  0000              ; 
   3  0000              ; Configuration:
   4  0000              ;       with long instruction
   5  0000              ;       Multi-ROM, Multi-RAM
   6  0000              ;       bits_per_rom_unit:16
   7  0000              ;       with mp1
   8  0000              ;       with tbhp, address(0x9)
   9  0000              ;          Use tabrd-const
  10  0000              ;       
  11  0000              ; SFR address of long-instruction arch:
  12  0000              ;    mp0 = -1,1,0
  13  0000              ;    mp1 = 4,3,2
  14  0000              ;    mp2 = 14,13,12
  15  0000              ;    tbp = 9,7,8
  16  0000              ;    acc = 5
  17  0000              ;    pcl = 6
  18  0000              ;    status = 10
  19  0000              ;    bp = 11
  20  0000              ;    intc = 16
  21  0000              ;       
  22  0000              ;       
  23  0000              ; use 'tabrdc' instead of 'tabrd'
  24  0000              ;       
  25  0000              
  26  0000              #pragma translator "holtek-gcc 4.6.4" "3.19" "build 20130711"
  27  0000              ; Rebuild 718
  28  0000              
  29  0000              ir equ [2]
  30  0000              mp equ [3]
  31  0000              sbp equ [4]
  32  0000              acc equ [5]
  33  0000              bp equ [11]
  34  0000              tblp equ [7]
  35  0000              tbhp equ [9]
  36  0000              status equ [10]
  37  0000              c equ [10].0
  38  0000              ac equ [10].1
  39  0000              z equ [10].2
  40  0000              ov equ [10].3
  41  0000              cz equ [10].6
  42  0000              sc equ [10].7
  43  0000              intc equ [16]
  44  0000              mduwr0 equ [59h]
  45  0000              mduwr1 equ [5ah]
  46  0000              mduwr2 equ [5bh]
  47  0000              mduwr3 equ [5ch]
  48  0000              mduwr4 equ [5dh]
  49  0000              mduwr5 equ [5eh]
  50  0000              mduwrctrl equ [5fh]
  51  0000              
  52  0000              extern ra:byte
  53  0000              extern rb:byte
  54  0000              extern rc:byte
  55  0000              extern rd:byte
  56  0000              extern re:byte
  57  0000              extern rf:byte
  58  0000              extern rg:byte
  59  0000              extern rh:byte
"File: LCD.ASM       Assembler  Version HGASM0202      Page 2

  60  0000              extern _Crom2Prom:near
  61  0000              extern _Crom2PromNext:near
  62  0000              
  63  0000              RAMBANK 0 @BITDATASEC, @BITDATASEC1
  64  0000              @HCCINIT	.section 'data'
  65  0000              @HCCINIT0	.section 'data'
  66  0000              @BITDATASEC	 .section 'data'
  67  0000              @BITDATASEC1	 .section 'data'
  68  0000              
  69  0000              #pragma debug scope 1 1
  70  0000              	extern __DELAY3:near
  71  0000              	extern __DELAYX3:near
  72  0000              	extern __DELAYX6:near
  73  0000              	extern __DELAYY5:near
  74  0000              	extern __DELAYY3:near
  75  0000              	extern _builtin_holtek_delay_2:byte
  76  0000              public _delay_ms
  77  0000              #pragma debug scope 2 1

   3  0000              #line 3 "d:\htk\0530\LCD.c"
   3  0000              _delay_ms .section 'code'
   3  0000              _delay_ms proc
   3  0000              public _delay_ms_2
   3  0000  0002[           local _delay_ms_2 db 2 dup(?)	; 2,0
            00
            ]
   3  0002              #pragma debug variable 12 2 _delay_ms_2+0 "del"
   5  0002              #line 5 "d:\htk\0530\LCD.c"
   5  0000  1F00     E  	clr rb
   5  0001  1F00     E  	clr rc
   5  0002  2800     R  	jmp _L2
   5  0003              _L3:
   6  0003              #line 6 "d:\htk\0530\LCD.c"
   6  0003              ;# 6 "d:\htk\0530\LCD.c" 1
   6  0003              	IF 2000>263690
   6  0003              ;# 6 "d:\htk\0530\LCD.c" 1
   6  0003              	ERRMESSAGE 'the value 2000of the argument exceeds the maxinum 263690'
   6  0003              	ENDIF
   6  0003              ;# 6 "d:\htk\0530\LCD.c" 1
   6  0003              	IF 2000<0
   6  0003              ;# 6 "d:\htk\0530\LCD.c" 1
   6  0003              	ERRMESSAGE 'the value 2000 of the argument exceeds the mininum 0'
   6  0003              	ENDIF
   6  0003              ;# 6 "d:\htk\0530\LCD.c" 1
   6  0003              	IF 2000==0
   6  0003              ;# 6 "d:\htk\0530\LCD.c" 1
   6  0003              	JMP $
   6  0003              	ENDIF
   6  0003              ;# 6 "d:\htk\0530\LCD.c" 1
   6  0003              	IF (2000>=1) AND (2000<( 4 + __PBP__ * 2))
   6  0003              ;# 6 "d:\htk\0530\LCD.c" 1
   6  0003              	NOP
   6  0003              	ENDIF
   6  0003              ;# 6 "d:\htk\0530\LCD.c" 1
   6  0003              	IF (2000>=2) AND (2000<( 4 + __PBP__ * 2))
   6  0003              ;# 6 "d:\htk\0530\LCD.c" 1
   6  0003              	NOP
   6  0003              	ENDIF
   6  0003              ;# 6 "d:\htk\0530\LCD.c" 1
   6  0003              	IF (2000>=3) AND (2000<( 4 + __PBP__ * 2))
"File: LCD.c         Assembler  Version HGASM0202      Page 3

   6  0003              ;# 6 "d:\htk\0530\LCD.c" 1
   6  0003              	NOP
   6  0003              	ENDIF
   6  0003              ;# 6 "d:\htk\0530\LCD.c" 1
   6  0003              	IF (2000>=4) AND (2000<( 4 + __PBP__ * 2)) AND ( __PBP__ > 0 )
   6  0003              ;# 6 "d:\htk\0530\LCD.c" 1
   6  0003              	NOP
   6  0003              	ENDIF
   6  0003              ;# 6 "d:\htk\0530\LCD.c" 1
   6  0003              	IF (2000>=5) AND (2000<( 4 + __PBP__ * 2)) AND ( __PBP__ > 0 )
   6  0003              ;# 6 "d:\htk\0530\LCD.c" 1
   6  0003              	NOP
   6  0003              	ENDIF
   6  0003              ;# 6 "d:\htk\0530\LCD.c" 1
   6  0003              	IF (2000>=6) AND (2000<( 4 + __PBP__ * 2))  AND ( __PBP__ > 1 )
   6  0003              ;# 6 "d:\htk\0530\LCD.c" 1
   6  0003              	NOP
   6  0003              	ENDIF
   6  0003              ;# 6 "d:\htk\0530\LCD.c" 1
   6  0003              	IF (2000>=7) AND (2000<( 4 + __PBP__ * 2))  AND ( __PBP__ > 1 )
   6  0003              ;# 6 "d:\htk\0530\LCD.c" 1
   6  0003              	NOP
   6  0003              	ENDIF
   6  0003              ;# 6 "d:\htk\0530\LCD.c" 1
   6  0003              	IF (2000>=8) AND (2000<( 4 + __PBP__ * 2))  AND ( __PBP__ > 2 )
   6  0003              ;# 6 "d:\htk\0530\LCD.c" 1
   6  0003              	NOP
   6  0003              	ENDIF
   6  0003              ;# 6 "d:\htk\0530\LCD.c" 1
   6  0003              	IF (2000==9)  AND ( __PBP__ > 2 )
   6  0003              ;# 6 "d:\htk\0530\LCD.c" 1
   6  0003              	NOP
   6  0003              	ENDIF
   6  0003              ;# 6 "d:\htk\0530\LCD.c" 1
   6  0003              	IF (2000< ( 8 + __PBP__ * 2)) AND (2000>( 3 + __PBP__ * 2))
   6  0003              ;# 6 "d:\htk\0530\LCD.c" 1
   6  0003              	fcall __DELAY3 + ( 7 + __PBP__ * 2) -2000
   6  0003              	ENDIF
   6  0003              ;# 6 "d:\htk\0530\LCD.c" 1
   6  0003              	IF (2000< ( 0404h + __PBP__ * 2)) AND (2000>( 7 + __PBP__ * 2))
   6  0003              ;# 6 "d:\htk\0530\LCD.c" 1
   6  0003              	MOV A,(2000-( 4 + __PBP__ * 2))/4
   6  0003              ;# 6 "d:\htk\0530\LCD.c" 1
   6  0003              	fcall __DELAYX3 + 3 -((2000-( 4 + __PBP__ * 2)) MOD 4) 
   6  0003              	ENDIF
   6  0003              ;# 6 "d:\htk\0530\LCD.c" 1
   6  0003              	IF (2000< ( 040bh + __PBP__ * 2)) AND (2000> ( 0403h + __PBP__ * 2))
   6  0003              ;# 6 "d:\htk\0530\LCD.c" 1
   6  0003              	MOV A,0 
   6  0003              ;# 6 "d:\htk\0530\LCD.c" 1
   6  0003              	fcall __DELAYX6 + ( 040ah + __PBP__ * 2) -2000
   6  0003              	ENDIF
   6  0003              ;# 6 "d:\htk\0530\LCD.c" 1
   6  0003              	IF (2000 >= ( 040bh + __PBP__ * 2)) AND ((((2000-( 9 + __PBP__ * 2))%0402h)/4+1)>256)
   6  0003              ;# 6 "d:\htk\0530\LCD.c" 1
   6  0003              	MOV A,(2000-( 9 + __PBP__ * 2))/0402h
   6  0003              ;# 6 "d:\htk\0530\LCD.c" 1
   6  0003              	MOV _builtin_holtek_delay_2,A
   6  0003              ;# 6 "d:\htk\0530\LCD.c" 1
   6  0003              	MOV A,0
"File: LCD.c         Assembler  Version HGASM0202      Page 4

   6  0003              ;# 6 "d:\htk\0530\LCD.c" 1
   6  0003              	fcall __DELAYY5 +5- (((2000-( 9 + __PBP__ * 2))%0402h)%6) 
   6  0003              	ENDIF
   6  0003              ;# 6 "d:\htk\0530\LCD.c" 1
   6  0003              	IF (2000 >= ( 040bh + __PBP__ * 2)) AND ((((2000-( 9 + __PBP__ * 2))%0402h)/4+1)<=256)
   6  0003              ;# 6 "d:\htk\0530\LCD.c" 1
   6  0003  0F01        	MOV A,(2000-( 9 + __PBP__ * 2))/0402h
   6  0004              ;# 6 "d:\htk\0530\LCD.c" 1
   6  0004  0080     E  	MOV _builtin_holtek_delay_2,A
   6  0005              ;# 6 "d:\htk\0530\LCD.c" 1
   6  0005  0FF0        	MOV A,((2000-( 9 + __PBP__ * 2))%0402h)/4+1
   6  0006              ;# 6 "d:\htk\0530\LCD.c" 1
   6  0006              	fcall __DELAYY3 +3-(((2000-( 9 + __PBP__ * 2))%0402h)%4) 
   6  000D              	ENDIF
   5  000D              #line 5 "d:\htk\0530\LCD.c"
   5  000D  1480     E  	inc rb
   5  000E  3D0A        	sz z
   5  000F  1480     E  	inc rc
   5  0010              _L2:
   5  0010  0700     E  	mov a,rb
   5  0011  0200     R  	sub a,_delay_ms_2[0]
   5  0012  0700     E  	mov a,rc
   5  0013  1200     R  	sbc a,_delay_ms_2[1]
   5  0014  3B0A        	snz cz
   5  0015  2800     R  	jmp _L3
   5  0016  0003        	ret
   5  0017              _delay_ms endp
   5  0017              #line 5 "d:\htk\0530\LCD.c"
   5  0017              #pragma debug scope 1 1
   5  0017              ___pf equ [36]
   5  0017              ___pd equ [30]
   5  0017              public _LCD_Cmd
   5  0017              #pragma debug scope 3 1
   9  0017              #line 9 "d:\htk\0530\LCD.c"
   9  0000              _LCD_Cmd .section 'code'
   9  0000              _LCD_Cmd proc
   9  0000  00              local _LCD_Cmd_2 db 1 dup(?)	; 0,1
   9  0000  0080     E  	mov ra,a
   9  0001  0080     R  	mov _LCD_Cmd_2[0],a
   9  0002              #pragma debug variable 8 3 _LCD_Cmd_2+0 "data"
  10  0002              #line 10 "d:\htk\0530\LCD.c"
  10  0002  0700     E  	mov a,ra
  10  0003  00A4        	mov [36],a
  11  0004              #line 11 "d:\htk\0530\LCD.c"
  11  0004  371E        	clr [30].6
  12  0005              #line 12 "d:\htk\0530\LCD.c"
  12  0005  369E        	clr [30].5
  13  0006              #line 13 "d:\htk\0530\LCD.c"
  13  0006  321E        	set [30].4
  14  0007              #line 14 "d:\htk\0530\LCD.c"
  14  0007  0F03        	mov a,3
  14  0008  0080     R  	mov _delay_ms_2[0],a
  14  0009  1F00     R  	clr _delay_ms_2[1]
  14  000A              	fcall _delay_ms
  15  0011              #line 15 "d:\htk\0530\LCD.c"
  15  0011  361E        	clr [30].4
  15  0012  0003        	ret
  15  0013              _LCD_Cmd endp
  15  0013              #line 15 "d:\htk\0530\LCD.c"
  15  0013              #pragma debug scope 1 1
"File: LCD.c         Assembler  Version HGASM0202      Page 5

  15  0013              public _LCD_Reset
  15  0013              #pragma debug scope 4 1
  18  0013              #line 18 "d:\htk\0530\LCD.c"
  18  0000              _LCD_Reset .section 'code'
  18  0000              _LCD_Reset proc
  19  0000              #line 19 "d:\htk\0530\LCD.c"
  19  0000  0F38        	mov a,56
  19  0001              	fcall _LCD_Cmd
  20  0008              #line 20 "d:\htk\0530\LCD.c"
  20  0008  0F0C        	mov a,12
  20  0009              	fcall _LCD_Cmd
  21  0010              #line 21 "d:\htk\0530\LCD.c"
  21  0010  0F06        	mov a,6
  21  0011              	fcall _LCD_Cmd
  22  0018              #line 22 "d:\htk\0530\LCD.c"
  22  0018  0F01        	mov a,1
  22  0019              	fcall _LCD_Cmd
  23  0020              #line 23 "d:\htk\0530\LCD.c"
  23  0020  0F02        	mov a,2
  23  0021              	fcall _LCD_Cmd
  23  0028  0003        	ret
  23  0029              _LCD_Reset endp
  23  0029              #line 23 "d:\htk\0530\LCD.c"
  23  0029              #pragma debug scope 1 1
  23  0029              public _LCD_Senddata
  23  0029              #pragma debug scope 5 1
  26  0029              #line 26 "d:\htk\0530\LCD.c"
  26  0000              _LCD_Senddata .section 'code'
  26  0000              _LCD_Senddata proc
  26  0000  00              local _LCD_Senddata_2 db 1 dup(?)	; 0,1
  26  0000  0080     E  	mov ra,a
  26  0001  0080     R  	mov _LCD_Senddata_2[0],a
  26  0002              #pragma debug variable 8 5 _LCD_Senddata_2+0 "data"
  27  0002              #line 27 "d:\htk\0530\LCD.c"
  27  0002  0700     E  	mov a,ra
  27  0003  00A4        	mov [36],a
  28  0004              #line 28 "d:\htk\0530\LCD.c"
  28  0004  331E        	set [30].6
  29  0005              #line 29 "d:\htk\0530\LCD.c"
  29  0005  369E        	clr [30].5
  30  0006              #line 30 "d:\htk\0530\LCD.c"
  30  0006  321E        	set [30].4
  31  0007              #line 31 "d:\htk\0530\LCD.c"
  31  0007  0F03        	mov a,3
  31  0008  0080     R  	mov _delay_ms_2[0],a
  31  0009  1F00     R  	clr _delay_ms_2[1]
  31  000A              	fcall _delay_ms
  32  0011              #line 32 "d:\htk\0530\LCD.c"
  32  0011  361E        	clr [30].4
  32  0012  0003        	ret
  32  0013              _LCD_Senddata endp
  32  0013              #line 32 "d:\htk\0530\LCD.c"
  32  0013              #pragma debug scope 1 1
  32  0013              #pragma debug struct_end
  32  0013              #pragma debug struct_end
  32  0013              #pragma debug union_end
  32  0013              #pragma debug union_end
  32  0013              #pragma debug variable 43 1 ___pd "__pd" 1
  32  0013              #pragma debug struct_end
  32  0013              #pragma debug struct_end
"File: LCD.c         Assembler  Version HGASM0202      Page 6

  32  0013              #pragma debug union_end
  32  0013              #pragma debug union_end
  32  0013              #pragma debug variable 45 1 ___pf "__pf" 1
  32  0013              
  32  0013              ; 
  32  0013              ; Generated by holtek-gcc v3.19, Thu Jul 11 10:17:59 2024
  32  0013              ; Rebuild 718
  32  0013              ; end of file


        0 Errors, 0